=== Attribution Backfill ===
  Target: https://www.changeengine.us/api/enrich

  Items to re-enrich: 255
  Batches: 51 (5/batch)

--- Batch 1/51 (IDs 1-5) ---
  OK: 5 succeeded, 0 failed
  Waiting 10s...
--- Batch 2/51 (IDs 6-10) ---
  OK: 5 succeeded, 0 failed
  Waiting 10s...
--- Batch 3/51 (IDs 11-15) ---
  OK: 5 succeeded, 0 failed
  Waiting 10s...
--- Batch 4/51 (IDs 16-20) ---
  OK: 5 succeeded, 0 failed
  Waiting 10s...
--- Batch 5/51 (IDs 21-25) ---
  OK: 5 succeeded, 0 failed
  Waiting 10s...
--- Batch 6/51 (IDs 26-30) ---
  OK: 5 succeeded, 0 failed
  Waiting 10s...
--- Batch 7/51 (IDs 31-35) ---
  OK: 5 succeeded, 0 failed
  Waiting 10s...
--- Batch 8/51 (IDs 36-40) ---
  OK: 5 succeeded, 0 failed
  Waiting 10s...
--- Batch 9/51 (IDs 41-45) ---
  OK: 5 succeeded, 0 failed
  Waiting 10s...
--- Batch 10/51 (IDs 46-50) ---
  OK: 5 succeeded, 0 failed
  Waiting 10s...
--- Batch 11/51 (IDs 51-55) ---
  OK: 5 succeeded, 0 failed
  Waiting 10s...
--- Batch 12/51 (IDs 56-60) ---
  OK: 5 succeeded, 0 failed
  Waiting 10s...
--- Batch 13/51 (IDs 61-65) ---
  OK: 5 succeeded, 0 failed
  Waiting 10s...
--- Batch 14/51 (IDs 66-70) ---
  OK: 5 succeeded, 0 failed
  Waiting 10s...
--- Batch 15/51 (IDs 71-75) ---
  OK: 5 succeeded, 0 failed
  Waiting 10s...
--- Batch 16/51 (IDs 76-80) ---
  OK: 4 succeeded, 0 failed
  Waiting 10s...
--- Batch 17/51 (IDs 81-85) ---
  OK: 5 succeeded, 0 failed
  Waiting 10s...
--- Batch 18/51 (IDs 86-90) ---
  OK: 5 succeeded, 0 failed
  Waiting 10s...
--- Batch 19/51 (IDs 91-95) ---
  OK: 5 succeeded, 0 failed
  Waiting 10s...
--- Batch 20/51 (IDs 96-100) ---
  OK: 5 succeeded, 0 failed
  Waiting 10s...
--- Batch 21/51 (IDs 101-105) ---
  OK: 5 succeeded, 0 failed
  Waiting 10s...
--- Batch 22/51 (IDs 106-110) ---
  OK: 5 succeeded, 0 failed
  Waiting 10s...
--- Batch 23/51 (IDs 111-115) ---
  OK: 5 succeeded, 0 failed
  Waiting 10s...
--- Batch 24/51 (IDs 116-120) ---
  OK: 5 succeeded, 0 failed
  Waiting 10s...
--- Batch 25/51 (IDs 121-125) ---
  OK: 5 succeeded, 0 failed
  Waiting 10s...
--- Batch 26/51 (IDs 126-130) ---
  OK: 5 succeeded, 0 failed
  Waiting 10s...
--- Batch 27/51 (IDs 131-135) ---
  OK: 5 succeeded, 0 failed
  Waiting 10s...
--- Batch 28/51 (IDs 136-140) ---
  OK: 5 succeeded, 0 failed
  Waiting 10s...
--- Batch 29/51 (IDs 141-145) ---
  OK: 5 succeeded, 0 failed
  Waiting 10s...
--- Batch 30/51 (IDs 146-150) ---
  OK: 5 succeeded, 0 failed
  Waiting 10s...
--- Batch 31/51 (IDs 151-155) ---
  OK: 5 succeeded, 0 failed
  Waiting 10s...
--- Batch 32/51 (IDs 156-160) ---
  OK: 5 succeeded, 0 failed
  Waiting 10s...
--- Batch 33/51 (IDs 161-165) ---
  OK: 5 succeeded, 0 failed
  Waiting 10s...
--- Batch 34/51 (IDs 166-170) ---
  OK: 5 succeeded, 0 failed
  Waiting 10s...
--- Batch 35/51 (IDs 171-175) ---
  OK: 5 succeeded, 0 failed
  Waiting 10s...
--- Batch 36/51 (IDs 176-180) ---
  OK: 5 succeeded, 0 failed
  Waiting 10s...
--- Batch 37/51 (IDs 181-185) ---
  OK: 5 succeeded, 0 failed
  Waiting 10s...
--- Batch 38/51 (IDs 186-190) ---
  OK: 5 succeeded, 0 failed
  Waiting 10s...
--- Batch 39/51 (IDs 191-195) ---
  OK: 5 succeeded, 0 failed
  Waiting 10s...
--- Batch 40/51 (IDs 196-200) ---
  OK: 5 succeeded, 0 failed
  Waiting 10s...
--- Batch 41/51 (IDs 201-205) ---
  OK: 5 succeeded, 0 failed
  Waiting 10s...
--- Batch 42/51 (IDs 206-210) ---
  OK: 5 succeeded, 0 failed
  Waiting 10s...
--- Batch 43/51 (IDs 211-215) ---
  OK: 5 succeeded, 0 failed
  Waiting 10s...
--- Batch 44/51 (IDs 216-220) ---
  OK: 5 succeeded, 0 failed
  Waiting 10s...
--- Batch 45/51 (IDs 221-225) ---
  OK: 5 succeeded, 0 failed
  Waiting 10s...
--- Batch 46/51 (IDs 226-230) ---
  OK: 5 succeeded, 0 failed
  Waiting 10s...
--- Batch 47/51 (IDs 231-235) ---
  OK: 5 succeeded, 0 failed
  Waiting 10s...
--- Batch 48/51 (IDs 236-240) ---
  OK: 5 succeeded, 0 failed
  Waiting 10s...
--- Batch 49/51 (IDs 241-245) ---
  OK: 5 succeeded, 0 failed
  Waiting 10s...
--- Batch 50/51 (IDs 246-250) ---
  OK: 5 succeeded, 0 failed
  Waiting 10s...
--- Batch 51/51 (IDs 251-255) ---
  OK: 5 succeeded, 0 failed

=== DONE ===
  Succeeded: 254
  Failed:    0
