=== Change Lab Re-Ingestion (Full Body) ===
  Total URLs:      257
  Started: Wed Mar  4 01:45:08 CST 2026

[1/257] vzvj40bladniaxz4o2wsbhf0jj56xi... OK [c5e29ba7] 95% body
[2/257] bridging-for-democracy... OK [47997786] 95% body
[3/257] measuring-love-in-the-journey-for-justice-a-brown-paper... OK [e2b97cfe] 85% body
[4/257] conversation-starters-for-the-holiday-season... OK [2630aace] 95% body
[5/257] together-for-democracy-resource-hub... OK [a1ae31db] 90% body
[6/257] evidence-action... OK [5b06e19a] 90% body
[7/257] campus-coffees-for-change... OK [9f799154] 95% body
[8/257] the-mayor-who-made-compassion-his-mission... OK [527cf6c3] 85% body
[9/257] the-center-on-health-insurance-reforms... OK [6225d210] 85% body
[10/257] inclusive-america-action-center... OK [2310c895] 95% body
[11/257] economic-mobility-catalog... OK [7825976f] 90% body
[12/257] intro-to-systems-thinking-the-iceberg-model... OK [08dcc93d] 95% body
[13/257] two-ways-your-brain-makes-decisions... OK [db3b067e] 90% body
[14/257] 2025-state-of-housing-in-houston... OK [09936b19] 92% body
[15/257] how-states-are-expanding-quality-summer-learning-opportunities... OK [475d815a] 85% body
[16/257] 2025-state-policy-watchlist... OK [bc0f291c] 85% body
[17/257] a-100-million-bet-on-affordable-housing-in-dallas... OK [d332cf50] 85% body
[18/257] free-online-mindfulness-based-stress-reduction-course... OK [5e265365] 95% body
[19/257] constructive-dialogue-institute-webinar-series... OK [0866f800] 90% body
[20/257] one-small-step... OK [c841a901] 95% body
[21/257] designing-impactful-campus-speaker-events... OK [db0bfd22] 90% body
[22/257] funding-narrative-change... OK [2db8f442] 90% body
[23/257] your-guide-to-state-lawmaking... OK [09392834] 95% body
[24/257] fresno-is-building-an-economy-that-works-for-everyone... OK [d36d6f34] 90% body
[25/257] child-care-is-workforce-infrastructure... OK [51ca1219] 95% body
[26/257] understanding-the-evolving-needs-of-americas-veterans... OK [4710e1e7] 92% body
[27/257] stories-to-lift-your-spirit... OK [60d5dc87] 85% body
[28/257] living-room-conversations... OK [c44393a1] 95% body
[29/257] episode-1-reclaiming-civic-culture... OK [c2fea7d7] 90% body
[30/257] how-to-disagree-better-a-guidebook... OK [28959f48] 92% body
[31/257] peer-learning-cohort-for-fundraising-professionals-in-the-us-democracy-space... OK [f0d6ad07] 85% body
[32/257] disagree-better... OK [1d6fefff] 95% body
[33/257] the-walrus-talks-at-home... OK [84abf7e8] 85% body
[34/257] across-the-political-divide-parents-sound-the-alarm-on-kids-online-safety... OK [a51f1b48] 90% body
[35/257] healing-art-circle-november-zoom... OK [17023e93] 90% body
[36/257] the-american-indian-genocide-museum... OK [47e4af33] 92% body
[37/257] the-lilith-fund... OK [1cdfaf5a] 95% body
[38/257] american-exchange-project... OK [62fb16a0] 95% body
[39/257] all-in-together-1... OK [5a1dd033] 90% body
[40/257] hurricane-beryl-recovery-one-year-later... OK [c854fec2] 95% body
[41/257] bookshelf-in-beyond-the-politics-of-contempt... OK [7a94fb11] 85% body
[42/257] convergence-compass-learning-program... OK [466016c6] 85% body
[43/257] 2025-network-catalyzers-program... OK [3ff96b3c] 85% body
[44/257] xsbsj9mx80jxdt1ktiqo6pu2vwberk... OK [28ef0ad3] 85% body
[45/257] dialogue-racism... OK [4393339e] 90% body
[46/257] restorative-justice-apprenticeship... OK [9c9f2318] 95% body
[47/257] 5-texas-issues-everyone-ignoresbut-shouldnt... OK [5c3cec9a] 90% body
[48/257] step-into-someone-elses-world... OK [118612cb] 95% body
[49/257] the-dangerous-mindset-spreading-across-america-cultural-nihilism-among-gen-z... OK [873bd769] 85% body
[50/257] the-ford-foundation-center-for-social-justice... OK [18ee8a16] 95% body
[51/257] 253vbokps9gzmj4ldeu3lx2mkrgjx4... OK [c0dffb7c] 95% body
[52/257] civic-gym... OK [0ec7890f] 95% body
[53/257] introducing-potentialism... OK [d44d6d2b] 90% body
[54/257] american-enterprise-institute... OK [459f3294] 85% body
[55/257] bipartisan-leadership... OK [307de5c4] 90% body
[56/257] oer-commons... OK [1979ac73] 85% body
[57/257] the-landing... OK [db782888] 95% body
[58/257] 102725-online-safety-compliance-and-security-for-our-churches... OK [0df5124f] 85% body
[59/257] county-office-resource... OK [05b0b837] 90% body
[60/257] ymca-of-greater-houston... OK [de403696] 95% body
[61/257] working-to-tackle-loneliness... OK [55157808] 92% body
[62/257] the-dignity-index... OK [886f46a0] 90% body
[63/257] parenting-toolkit-and-tips-for-learning-todisagree-better... OK [0993ef62] 90% body
[64/257] toolkit-for-organizations-to-strengthen-culture-and-connection... OK [2efa08c8] 85% body
[65/257] toolkit-for-individuals-to-spark-connection-and-positive-impact... OK [6d461466] 90% body
[66/257] is-america-ready-to-unleash-a-multigenerational-force-for-good... OK [f3a2c2ab] 95% body
[67/257] world-grid-project... OK [ea179fa4] 85% body
[68/257] 112525-charter-for-compassion-20... OK [da9fe27e] 95% body
[69/257] good-reason-houston... OK [3e1312fb] 95% body
[70/257] social-trust-map... OK [17e9e9b8] 90% body
[71/257] 102125-bridge-houston-crisis-into-capacity... OK [1de551e7] 90% body
[72/257] mf0082ucv8p00zh2mzgq487246hiux... OK [145e9a30] 92% body
[73/257] what-makes-a-good-life... OK [a2df62b2] 85% body
[74/257] the-worlds-biggest-asshole... OK [8f381f4d] 95% body
[75/257] new-pluralists... OK [71318b44] 95% body
[76/257] democracy-fund... OK [a1730c47] 95% body
[77/257] reimagining-the-civic-commons... OK [e6bf084a] 95% body
[78/257] leading-systems-change... OK [eb78b249] 90% body
[79/257] 100625-why-we-weave-a-storytelling-showcase... OK [10465fb4] 90% body
[80/257] engendering-authoritarianism... OK [4969334c] 95% body
[81/257] w61o3yfy9ix8vtktgq4ufab8nn8nsq... OK [25f7e1bf] 85% body
[82/257] 0903025-bridge-houston-building-systems-of-opportunity... OK [8c229902] 85% body
[83/257] choosing-connection-over-violence... OK [ae1230b6] 90% body
[84/257] attitudes-towards-political-violence-in-the-united-states... OK [e0145b1b] 85% body
[85/257] yt7nqgc1p5bvhvollkv9tht355nx1p... OK [8d2a11dd] 85% body
[86/257] 092325-bridge-houston-rethinking-civic-investment... OK [4c5523e5] 95% body
[87/257] adult-education-resources... OK [bd36d3d8] 92% body
[88/257] love-as-a-change-strategy... OK [4a917319] 90% body
[89/257] smvgucofzjq296gnqh1ahqebsb3hs7... OK [3061a39c] 85% body
[90/257] climate-emotions-thoughts-and-plans... OK [f5bdb252] 85% body
[91/257] calls-to-action... OK [257cd691] 85% body
[92/257] liberating-structures... OK [51650466] 85% body
[93/257] republic... OK [132a02c9] 90% body
[94/257] relational-tech-project... OK [ab0b1630] 85% body
[95/257] living-learning-libraries... OK [46552a3d] 90% body
[96/257] unified... OK [58fcf763] 95% body
[97/257] democracy-policy-network... OK [d15766fe] 95% body
[98/257] a-simple-act-to-strengthen-civic-life... OK [8106560c] 85% body
[99/257] the-opportunity-agenda... OK [987900d4] 95% body
[100/257] a-communications-toolkit... OK [9b8c897f] 90% body
[101/257] settlement-with-us-doj-reached... OK [78cc351b] 85% body
[102/257] targeted-universalism... OK [fdbaac94] 85% body
[103/257] the-change-lab-us-civic-landscape-report... OK [d9d24cf9] 95% body
[104/257] hfb-advocacy-center... OK [b8278d41] 95% body
[105/257] lply3434rf7jvigow01m2cd5jg20za... OK [94419a09] 95% body
[106/257] high-school-students-earn-credit-building-tiny-homes... OK [c787ba95] 95% body
[107/257] reading-and-repair... OK [ff3f7aa2] 85% body
[108/257] the-afiya-center-tac... OK [f44edeb3] 90% body
[109/257] mental-health-america-of-great... OK [65fe58c4] 95% body
[110/257] hispanic-history-month-with-the-wisdom-of-judge-josefina-rendon... OK [d24ef4dd] 90% body
[111/257] center-for-the-healing-of-racism... OK [03dda03d] 95% body
[112/257] 85-years-later-chinese-family-honors-the-black-couple-who-rented-to-them... OK [bedb7d66] 90% body
[113/257] the-link-between-alcohol-and-cancer... OK [a6b8e645] 85% body
[114/257] civic-builders... OK [c929e0a5] 85% body
[115/257] food-insecurity-hits-39-in-houston-ampamp-harris-county-nearly-triple-the-us-rate... OK [1ed624a3] 95% body
[116/257] a-blueprint-for-government... OK [6b31125a] 85% body
[117/257] cognitively-based-compassion-training-cbct... OK [3179b41a] 90% body
[118/257] democracy-amp-belonging-forum... OK [353ed371] 90% body
[119/257] building-bridges-a-playbook-for-community-connection... OK [38baf9d3] 85% body
[120/257] the-chisholm-legacy-project... OK [61be75f5] 85% body
[121/257] what-so-what-now-what-w... OK [f87128ea] 85% body
[122/257] frientimacy... OK [e69c9c7e] 85% body
[123/257] wellfare... OK [8765c3fc] 85% body
[124/257] habitat-for-humanity-of-montgomery-county... OK [6351693a] 90% body
[125/257] disabledamp... OK [0f0dc0fb] 85% body
[126/257] burning-glass-institute... OK [0b82d3f5] 85% body
[127/257] democracy-forward... OK [29cb8925] 90% body
[128/257] diverseworks... OK [7463f170] 90% body
[129/257] climate-mental-health-network... OK [c3801ded] 90% body
[130/257] intergenerational-economic-mobility-and-the-american-nations-regional-cultures... OK [d1d0e017] 85% body
[131/257] collaborating-with-teens-toolkit... OK [f0fb21dd] 90% body
[132/257] hope-revival-organization... OK [5af15cb3] 90% body
[133/257] international-civil-society-action-network-ican... OK [d79afa9b] 92% body
[134/257] what-emotional-dysregulation-looks-like-and-how-to-deal-with-it... OK [1048993b] 85% body
[135/257] books-unbanned-library-card... OK [7f579816] 90% body
[136/257] houston-wilderness... OK [2df36fb5] 90% body
[137/257] houston-state-of-the-city-2025... OK [efdac9bc] 95% body
[138/257] earthshare-texas... OK [464f0405] 95% body
[139/257] reimagining-irvinton-villagecommunity-dinner... OK [8e6a974b] 95% body
[140/257] 8popavz2uvmiwo3rgpjy1iv12110qc... OK [763f21cc] 90% body
[141/257] houston-arts-alliance-grant-opportunities... OK [96ac3670] 92% body
[142/257] goodr... OK [c0262b83] 85% body
[143/257] the-book-of-delights-by-ross-gay... OK [02c7b5ef] 85% body
[144/257] we-hold-these-truths... OK [b6634472] 90% body
[145/257] -time-banks... OK [91594932] 85% body
[146/257] event-doers-dialogue-big-feelings-new-beginnings... OK [4e5392fb] 85% body
[147/257] belonging-builders-a-resource-guide... OK [c184af20] 95% body
[148/257] the-school-of-thought-toolkit-profile... OK [6a49fd4a] 90% body
[149/257] bookshelf-its-in-our-bones... OK [3b0d613c] 85% body
[150/257] michael-jordan-opens-fourth-free-health-clinic-in-hometown... OK [a69bb885] 85% body
[151/257] workshop-foundations-of-collaboration-the-3-month-collaboration-lab... OK [328399a0] 95% body
[152/257] the-lab-she-can-work... OK [c823d4ef] 95% body
[153/257] a-new-national-narrative... OK [a5664373] 90% body
[154/257] openrice-learning-center-rice-university... OK [b6d1979a] 85% body
[155/257] texans-for-reasonable-solutions-housing-reform-in-texas... OK [0fd5dd31] 85% body
[156/257] ever-wonder-if-its-time-to-step-back-in-order-to-move-forward... OK [30bc3b42] 85% body
[157/257] the-dignity-index-by-unite-supported-by-new-pluralists... OK [3dd4d0d6] 95% body
[158/257] pathways-to-repair... OK [51126a31] 90% body
[159/257] summer-learning-toolkit... OK [69464c2a] 95% body
[160/257] the-school-of-thought-international... OK [04640fd5] 90% body
[161/257] july-25th-national-arts-in-health-day... OK [f685600d] 85% body
[162/257] webinar-social-connection-across-divides... OK [10c2d248] 85% body
[163/257] charter-for-compassion... OK [834a6c71] 90% body
[164/257] think-visual-with-amlie-ayaka-uriu... OK [0aa6a1f4] 85% body
[165/257] rebuilding-together-houston... OK [322f4537] 95% body
[166/257] toolkit-overcoming-fear-in-public-speaking... OK [bc6ad3d3] 85% body
[167/257] applying-the-6-points-of-connection... OK [66fe054d] 85% body
[168/257] she-ran-a-vintage-store-now-shes-reuniting-flood-victims-with-precious-belongings... OK [d9cff028] 80% body
[169/257] third-grade-teacher-delights-students... OK [1a0293f5] 85% body
[170/257] wellbeing-and-wellbecoming-through-the-arts... OK [f9f8d0aa] 85% body
[171/257] healing-a-village-a-practical-guide-to-building-recovery-ready-communities... OK [a8e46941] 85% body
[172/257] texans-for-clean-water... OK [6ebc2264] 90% body
[173/257] agents-of-change-in-environmental-justice... OK [7a053720] 90% body
[174/257] volunteer-opportunity-compudopt... OK [91b4e94a] 95% body
[175/257] compudopt... OK [085905de] 95% body
[176/257] civics-101-civics-for-life... OK [267112e4] 95% body
[177/257] kids-discover-online... FAIL (HTTP 502)
[178/257] unbreakable-mastering-the-art-of-resilience... OK [f75bda22] 90% body
[179/257] who-can-we-trust-exploring-truth-in-a-fractured-media-landscape... OK [7011d459] 95% body
[180/257] impact-hub-houston... OK [3ed2466a] 95% body
[181/257] rock-the-block-3... OK [46dded5a] 95% body
[182/257] almeda-plaza-missionary-baptist-churchnbsp... OK [547a3499] 95% body
[183/257] overcoffee... OK [5a04a52d] 85% body
[184/257] fuckup-nights-houston-vol-1... OK [b9222a6f] 95% body
[185/257] bill-of-rights-institute... OK [0e2c1947] 95% body
[186/257] compudopts-power-up-impact-of-a-million-events... OK [30f100a6] 90% body
[187/257] research-resource-weaving-the-dream... OK [ed87e3a8] 85% body
[188/257] youre-more-powerful-than-you-think-a-citizens-guide-to-making-change-happen... OK [a24bd275] 90% body
[189/257] learn-how-government-works-the-fun-way... OK [7755e2bb] 85% body
[190/257] agents-of-change-usc-dornsife... OK [f4baeb56] 90% body
[191/257] convergence-center-for-policy-resolution... OK [cc98e62c] 90% body
[192/257] singa-deutschland... OK [66c6141c] 90% body
[193/257] do-you-actually-know-what-affordable-housing-is... OK [94cf1b1f] 85% body
[194/257] center-for-urban-pedagogy-cup... OK [00483770] 90% body
[195/257] ghana-think-tank... OK [89ea54f4] 85% body
[196/257] perfect-city... OK [fa83d194] 95% body
[197/257] the-city-we-make-together-city-design-and-participatory-culture... OK [b11fd9c5] 85% body
[198/257] the-red-sand-project... OK [c86e8ba0] 85% body
[199/257] upskill-houston... OK [afc48158] 92% body
[200/257] victory-3-big-wins-for-texas-housing... OK [8e075e53] 85% body
[201/257] narrative-initiative... OK [8e147be8] 90% body
[202/257] changing-work... OK [99c0e952] 85% body
[203/257] narrative-4... OK [828b4fbf] 92% body
[204/257] bridging-divides-initiative-bdi... OK [53382588] 95% body
[205/257] brief-evidence-that-bridging-works... OK [3c54f1be] 90% body
[206/257] the-houston-food-bank... OK [c64d6256] 95% body
[207/257] poverty-by-america-by-matthew-desmond... OK [8e38cc96] 95% body
[208/257] the-power-of-peace-how-nonviolent-movements-fuel-civic-engagement-and-strengthen-communities... OK [ef655cae] 90% body
[209/257] listen-first-project... OK [676e0f09] 95% body
[210/257] gamestorming-20... OK [a157c7c7] 85% body
[211/257] hope-imagination-and-remaking-the-world-a-journal-for-pondering-and-practicing... OK [a6248f1c] 85% body
[212/257] monday-june-23rd-at-200pmnbspwebinarnbspexpanding-the-impact-of-the-pluralism-movement-on-social-media... OK [6acdc49d] 90% body
[213/257] lisc-houston... OK [a5c47b0c] 85% body
[214/257] fragile-neighborhoods-by-seth-d-kaplan... OK [45ac006d] 85% body
[215/257] all-in-together... OK [c6829a57] 90% body
[216/257] weave-a-social-fabric-project... OK [054e4093] 90% body
[217/257] the-eviction-lab... OK [4af32cb1] 90% body
[218/257] jul-22-2025-1100-amnbspcst-webinar-how-weaving-together-agency-and-opportunity-can-shape-a-common-american-vision... OK [320f519c] 85% body
[219/257] americans-views-on-the-state-of-our-democracy... OK [67a28adb] 90% body
[220/257] 7-policies-democrats-and-republicans-agree-on... OK [1af58e62] 90% body
[221/257] webinar-on-625-at-2pm-et-federal-policies-impacting-housing-and-economic-development... OK [bddd9a86] 90% body
[222/257] gulfton-development-providing-affordable-housing-micro-retail-commercial-space... OK [3872abee] 90% body
[223/257] emergent-strategy-by-adrienne-maree-brown... OK [7bccfc7c] 85% body
[224/257] how-to-measure-narrative-change... OK [e7e49bcd] 85% body
[225/257] new-leaders-council-houston... OK [8021d7a2] 90% body
[226/257] the-rothko-chapel... OK [bc826a13] 92% body
[227/257] compassionate-houston... OK [0906e73b] 95% body
[228/257] mentor... OK [671b6dd9] 95% body
[229/257] results-for-america... OK [45e5974c] 85% body
[230/257] emergent-strategy-ideation-institute... OK [7b3e224a] 90% body
[231/257] one-houston... OK [3c3cd8af] 95% body
[232/257] kinder-houston-area-survey-2025-results... OK [f38e3743] 92% body
[233/257] center-for-houstons-future... OK [d0ca3640] 92% body
[234/257] center-for-story-based-strategy... OK [2ab3d18a] 85% body
[235/257] pen-america... OK [401c1b10] 90% body
[236/257] good-good-good... OK [ae933ac4] 95% body
[237/257] leadership-houston... OK [cfda166f] 95% body
[238/257] the-aspen-institute... OK [c3085f5d] 85% body
[239/257] troubling-the-water... OK [6850ff09] 90% body
[240/257] american-leadership-forum-gulf-coast... OK [8f1a1691] 92% body
[241/257] jun-17-2025-1000am-1100am-webinar-2025-state-of-housing-in-harris-county-and-houston... OK [93a4dd22] 95% body
[242/257] us-chamber-of-connection... OK [df1f3a32] 85% body
[243/257] greater-good-science-center... OK [d2cfec70] 95% body
[244/257] search-for-common-ground... OK [07bc4bbc] 85% body
[245/257] resilient-leadership-free-online-course... OK [6ad5e364] 85% body
[246/257] builders-movement... OK [8b51994c] 95% body
[247/257] braver-angels-ecourses... OK [0e7ce33a] 95% body
[248/257] obi-university... OK [5f15cb9a] 85% body
[249/257] braver-angels-of-houston... OK [b3f615bd] 95% body
[250/257] more-in-common... OK [d38e1da5] 85% body
[251/257] houston-in-action... OK [7ae560cf] 90% body
[252/257] 501c3-documentation... OK [f099b2f3] 70% body
[253/257] the-othering-and-belonging-institute... OK [81ab7f3e] 90% body
[254/257] the-connection-opportunity... OK [39b7aa0d] 90% body
[255/257] hlaubd9ilxkmluhwt09ukiicgt7qme... OK [02bc6292] 90% body
[256/257] research-hidden-tribes-a-study-of-americas-polarized-landscape... OK [83d67e67] 95% body
[257/257] blog-post-title-one-rstsw... OK [dda760a1] 85% body

=== DONE ===
  Succeeded: 256
  Failed:    1
  Finished:  Wed Mar  4 03:07:22 CST 2026

Next: Review items at /dashboard/review, then auto-approve or publish.
